{
"C:\\Users\\ADMIN\\Documents\\Visual Studio 2017\\Projects\\CardProWebsite\\CardProWebsite\\CardProWebsite\\src\\shared\\header.ts":{"path":"C:\\Users\\ADMIN\\Documents\\Visual Studio 2017\\Projects\\CardProWebsite\\CardProWebsite\\CardProWebsite\\src\\shared\\header.ts","statementMap":{"0":{"start":{"line":2,"column":0},"end":{"line":2,"column":62}},"1":{"start":{"line":3,"column":14},"end":{"line":3,"column":30}},"2":{"start":{"line":4,"column":13},"end":{"line":4,"column":37}},"3":{"start":{"line":5,"column":15},"end":{"line":5,"column":41}},"4":{"start":{"line":6,"column":19},"end":{"line":6,"column":55}},"5":{"start":{"line":7,"column":23},"end":{"line":25,"column":3}},"6":{"start":{"line":9,"column":8},"end":{"line":9,"column":27}},"7":{"start":{"line":10,"column":8},"end":{"line":10,"column":29}},"8":{"start":{"line":11,"column":8},"end":{"line":11,"column":38}},"9":{"start":{"line":12,"column":8},"end":{"line":12,"column":92}},"10":{"start":{"line":12,"column":66},"end":{"line":12,"column":88}},"11":{"start":{"line":14,"column":4},"end":{"line":16,"column":6}},"12":{"start":{"line":15,"column":8},"end":{"line":15,"column":53}},"13":{"start":{"line":17,"column":4},"end":{"line":23,"column":24}},"14":{"start":{"line":24,"column":4},"end":{"line":24,"column":27}},"15":{"start":{"line":26,"column":0},"end":{"line":26,"column":42}}},"fnMap":{"0":{"name":"(anonymous_0)","decl":{"start":{"line":7,"column":23},"end":{"line":7,"column":24}},"loc":{"start":{"line":7,"column":35},"end":{"line":25,"column":1}},"line":7},"1":{"name":"HeaderComponent","decl":{"start":{"line":8,"column":13},"end":{"line":8,"column":28}},"loc":{"start":{"line":8,"column":44},"end":{"line":13,"column":5}},"line":8},"2":{"name":"(anonymous_2)","decl":{"start":{"line":12,"column":49},"end":{"line":12,"column":50}},"loc":{"start":{"line":12,"column":64},"end":{"line":12,"column":90}},"line":12},"3":{"name":"(anonymous_3)","decl":{"start":{"line":14,"column":41},"end":{"line":14,"column":42}},"loc":{"start":{"line":14,"column":57},"end":{"line":16,"column":5}},"line":14}},"branchMap":{},"s":{"0":1,"1":1,"2":1,"3":1,"4":1,"5":1,"6":1,"7":1,"8":1,"9":1,"10":3,"11":1,"12":0,"13":1,"14":1,"15":1},"f":{"0":1,"1":1,"2":3,"3":0},"b":{},"inputSourceMap":{"version":3,"file":"header.js","sourceRoot":"","sources":["header.ts"],"names":[],"mappings":";;;AAAA,sCAA8D;AAC9D,0CAAyD;AACzD,wDAAmD;AAmHnD;IAII,yBAAoB,KAAqB,EAAU,MAAc;QAA7C,UAAK,GAAL,KAAK,CAAgB;QAAU,WAAM,GAAN,MAAM,CAAQ;QAHjE,UAAK,GAAG,gBAAgB,CAAC;QACzB,WAAM,GAAG,mBAAM,CAAC,MAAM,CAAC,UAAC,GAAG,IAAK,OAAA,GAAG,CAAC,IAAI,IAAI,EAAE,EAAd,CAAc,CAAC,CAAC;IAEoB,CAAC;IAErE,kCAAQ,GAAR,UAAS,IAAY;QACjB,MAAM,CAAC,IAAI,CAAC,MAAM,CAAC,GAAG,CAAC,SAAS,CAAC,CAAC,CAAC,KAAK,IAAI,CAAC;IACjD,CAAC;IARQ,eAAe;QAjH3B,gBAAS,CAAC;YACP,QAAQ,EAAE,YAAY;YACtB,QAAQ,EAAE,k7IA6GT;SACJ,CAAC;iDAK6B,uBAAc,EAAkB,eAAM;OAJxD,eAAe,CAS3B;IAAD,sBAAC;CAAA,AATD,IASC;AATY,0CAAe"},"_coverageSchema":"332fd63041d2c1bcb487cc26dd0d5f7d97098a6c","hash":"1b4bc76e7bccbbe643e605cf065cd8c6d792fc63","l":{"2":1,"3":1,"4":1,"5":1,"6":1,"7":1,"9":1,"10":1,"11":1,"12":3,"14":1,"15":0,"17":1,"24":1,"26":1}},
"C:\\Users\\ADMIN\\Documents\\Visual Studio 2017\\Projects\\CardProWebsite\\CardProWebsite\\CardProWebsite\\src\\modules\\app\\app.module.ts":{"path":"C:\\Users\\ADMIN\\Documents\\Visual Studio 2017\\Projects\\CardProWebsite\\CardProWebsite\\CardProWebsite\\src\\modules\\app\\app.module.ts","statementMap":{"0":{"start":{"line":2,"column":0},"end":{"line":2,"column":62}},"1":{"start":{"line":3,"column":14},"end":{"line":3,"column":30}},"2":{"start":{"line":4,"column":13},"end":{"line":4,"column":37}},"3":{"start":{"line":5,"column":25},"end":{"line":5,"column":61}},"4":{"start":{"line":6,"column":14},"end":{"line":6,"column":39}},"5":{"start":{"line":7,"column":15},"end":{"line":7,"column":41}},"6":{"start":{"line":8,"column":13},"end":{"line":8,"column":37}},"7":{"start":{"line":10,"column":13},"end":{"line":10,"column":35}},"8":{"start":{"line":11,"column":17},"end":{"line":11,"column":59}},"9":{"start":{"line":13,"column":15},"end":{"line":13,"column":55}},"10":{"start":{"line":14,"column":33},"end":{"line":14,"column":91}},"11":{"start":{"line":15,"column":14},"end":{"line":15,"column":52}},"12":{"start":{"line":17,"column":21},"end":{"line":17,"column":56}},"13":{"start":{"line":19,"column":28},"end":{"line":19,"column":90}},"14":{"start":{"line":20,"column":28},"end":{"line":20,"column":90}},"15":{"start":{"line":21,"column":28},"end":{"line":21,"column":90}},"16":{"start":{"line":22,"column":28},"end":{"line":22,"column":90}},"17":{"start":{"line":23,"column":31},"end":{"line":23,"column":96}},"18":{"start":{"line":24,"column":0},"end":{"line":41,"column":2}},"19":{"start":{"line":42,"column":17},"end":{"line":73,"column":3}},"20":{"start":{"line":45,"column":4},"end":{"line":71,"column":18}},"21":{"start":{"line":72,"column":4},"end":{"line":72,"column":21}},"22":{"start":{"line":74,"column":0},"end":{"line":74,"column":30}}},"fnMap":{"0":{"name":"(anonymous_0)","decl":{"start":{"line":42,"column":17},"end":{"line":42,"column":18}},"loc":{"start":{"line":42,"column":29},"end":{"line":73,"column":1}},"line":42},"1":{"name":"AppModule","decl":{"start":{"line":43,"column":13},"end":{"line":43,"column":22}},"loc":{"start":{"line":43,"column":25},"end":{"line":44,"column":5}},"line":43}},"branchMap":{},"s":{"0":1,"1":1,"2":1,"3":1,"4":1,"5":1,"6":1,"7":1,"8":1,"9":1,"10":1,"11":1,"12":1,"13":1,"14":1,"15":1,"16":1,"17":1,"18":1,"19":1,"20":1,"21":1,"22":1},"f":{"0":1,"1":0},"b":{},"inputSourceMap":{"version":3,"file":"app.module.js","sourceRoot":"","sources":["app.module.ts"],"names":[],"mappings":";;;AAAA,sCAAiE;AACjE,8DAA0D;AAC1D,wCAA6C;AAC7C,0CAAuD;AACvD,sCAA2C;AAC3C,MAAM;AACN,oCAA4C;AAC5C,4DAAoE;AACpE,iBAAiB;AACjB,wDAAgE;AAChE,4FAAoF;AAEpF,qDAA2D;AAC3D,SAAS;AACT,yDAAuD;AACvD,iBAAiB;AACjB,2FAAyF;AACzF,2FAAyF;AAEzF,2FAAyF;AACzF,2FAAyF;AACzF,iGAA+F;AAElF,QAAA,MAAM,GAAW;IAE1B,EAAE,IAAI,EAAE,EAAE,EAAE,SAAS,EAAE,oBAAa,EAAE,IAAI,EAAE,EAAE,KAAK,EAAE,WAAW,EAAE,IAAI,EAAE,YAAY,EAAE,EAAE;IAExF;QACI,IAAI,EAAE,QAAQ,EAAE,SAAS,EAAE,wBAAe,EAAE,IAAI,EAAE,EAAE,KAAK,EAAE,gBAAgB,EAAE,IAAI,EAAE,SAAS,EAAE;QAC9F,QAAQ,EAAE;YACN,EAAE,IAAI,EAAE,EAAE,EAAE,UAAU,EAAE,WAAW,EAAE,SAAS,EAAE,MAAM,EAAE;YACxD,EAAE,IAAI,EAAE,WAAW,EAAE,SAAS,EAAE,wCAAkB,EAAE;YACpD,EAAE,IAAI,EAAE,WAAW,EAAE,SAAS,EAAE,wCAAkB,EAAE;YACpD,EAAE,IAAI,EAAE,WAAW,EAAE,SAAS,EAAE,wCAAkB,EAAE;YACpD,EAAE,IAAI,EAAE,WAAW,EAAE,SAAS,EAAE,wCAAkB,EAAE;YACpD,EAAE,IAAI,EAAE,eAAe,EAAE,SAAS,EAAE,8CAAqB,EAAE;YAC3D,EAAE,IAAI,EAAE,eAAe,EAAE,SAAS,EAAE,8CAAqB,EAAE;YAC3D,EAAE,IAAI,EAAE,eAAe,EAAE,SAAS,EAAE,8CAAqB,EAAE;YAC3D,EAAE,IAAI,EAAE,eAAe,EAAE,SAAS,EAAE,8CAAqB,EAAE;SAC9D;KACJ;IAED,EAAE,IAAI,EAAE,IAAI,EAAE,UAAU,EAAE,EAAE,EAAE;CACjC,CAAC;AA4BF;IAAA;IAAyB,CAAC;IAAb,SAAS;QA1BrB,eAAQ,CAAC;YACN,YAAY,EAAE;gBACV,oBAAa;gBACb,4BAAiB;gBACjB,wBAAe;gBACf,4CAAiB;gBACjB,sBAAc;gBACd,wCAAkB;gBAClB,wCAAkB;gBAClB,wCAAkB;gBAClB,wCAAkB;gBAClB,8CAAqB;aACxB;YACD,OAAO,EAAE;gBACL,gCAAa;gBACb,mBAAW;gBACX,iBAAU;gBACV,4BAAiB;gBACjB,qBAAY,CAAC,OAAO,CAAC,cAAM,CAAC;aAC/B;YACD,SAAS,EAAC,CAAC,0BAAW,CAAC;YACvB,OAAO,EAAE;gBACL,6BAAsB;aACzB;SAEJ,CAAC;OACW,SAAS,CAAI;IAAD,gBAAC;CAAA,AAA1B,IAA0B;AAAb,8BAAS"},"_coverageSchema":"332fd63041d2c1bcb487cc26dd0d5f7d97098a6c","hash":"e33d14129a3ebb45099ccb250082805f5acad235","l":{"2":1,"3":1,"4":1,"5":1,"6":1,"7":1,"8":1,"10":1,"11":1,"13":1,"14":1,"15":1,"17":1,"19":1,"20":1,"21":1,"22":1,"23":1,"24":1,"42":1,"45":1,"72":1,"74":1}},
"C:\\Users\\ADMIN\\Documents\\Visual Studio 2017\\Projects\\CardProWebsite\\CardProWebsite\\CardProWebsite\\src\\modules\\app\\home\\home.ts":{"path":"C:\\Users\\ADMIN\\Documents\\Visual Studio 2017\\Projects\\CardProWebsite\\CardProWebsite\\CardProWebsite\\src\\modules\\app\\home\\home.ts","statementMap":{"0":{"start":{"line":2,"column":0},"end":{"line":2,"column":62}},"1":{"start":{"line":3,"column":14},"end":{"line":3,"column":30}},"2":{"start":{"line":4,"column":13},"end":{"line":4,"column":37}},"3":{"start":{"line":5,"column":15},"end":{"line":5,"column":41}},"4":{"start":{"line":6,"column":21},"end":{"line":20,"column":3}},"5":{"start":{"line":8,"column":8},"end":{"line":8,"column":27}},"6":{"start":{"line":10,"column":4},"end":{"line":11,"column":6}},"7":{"start":{"line":12,"column":4},"end":{"line":18,"column":22}},"8":{"start":{"line":19,"column":4},"end":{"line":19,"column":25}},"9":{"start":{"line":21,"column":0},"end":{"line":21,"column":38}}},"fnMap":{"0":{"name":"(anonymous_0)","decl":{"start":{"line":6,"column":21},"end":{"line":6,"column":22}},"loc":{"start":{"line":6,"column":33},"end":{"line":20,"column":1}},"line":6},"1":{"name":"HomeComponent","decl":{"start":{"line":7,"column":13},"end":{"line":7,"column":26}},"loc":{"start":{"line":7,"column":34},"end":{"line":9,"column":5}},"line":7},"2":{"name":"(anonymous_2)","decl":{"start":{"line":10,"column":39},"end":{"line":10,"column":40}},"loc":{"start":{"line":10,"column":51},"end":{"line":11,"column":5}},"line":10}},"branchMap":{},"s":{"0":1,"1":1,"2":1,"3":1,"4":1,"5":0,"6":1,"7":1,"8":1,"9":1},"f":{"0":1,"1":0,"2":0},"b":{},"inputSourceMap":{"version":3,"file":"home.js","sourceRoot":"","sources":["home.ts"],"names":[],"mappings":";;;AAAA,sCAA0C;AAC1C,0CAAiD;AAiLjD;IAEI,uBAAoB,KAAqB;QAArB,UAAK,GAAL,KAAK,CAAgB;IACzC,CAAC;IAED,gCAAQ,GAAR;IACA,CAAC;IANQ,aAAa;QA/KzB,gBAAS,CAAC;YACP,QAAQ,EAAE,MAAM;YAChB,QAAQ,EAAE,opQA2KT;SACJ,CAAC;iDAG6B,uBAAc;OAFhC,aAAa,CAOzB;IAAD,oBAAC;CAAA,AAPD,IAOC;AAPY,sCAAa"},"_coverageSchema":"332fd63041d2c1bcb487cc26dd0d5f7d97098a6c","hash":"1ca73189e2c90fb0446c87190b8e996b22c587d5","l":{"2":1,"3":1,"4":1,"5":1,"6":1,"8":0,"10":1,"12":1,"19":1,"21":1}},
"C:\\Users\\ADMIN\\Documents\\Visual Studio 2017\\Projects\\CardProWebsite\\CardProWebsite\\CardProWebsite\\src\\modules\\app\\home\\slider-carousel\\carousel.ts":{"path":"C:\\Users\\ADMIN\\Documents\\Visual Studio 2017\\Projects\\CardProWebsite\\CardProWebsite\\CardProWebsite\\src\\modules\\app\\home\\slider-carousel\\carousel.ts","statementMap":{"0":{"start":{"line":2,"column":0},"end":{"line":2,"column":62}},"1":{"start":{"line":3,"column":14},"end":{"line":3,"column":30}},"2":{"start":{"line":4,"column":13},"end":{"line":4,"column":37}},"3":{"start":{"line":5,"column":25},"end":{"line":20,"column":3}},"4":{"start":{"line":7,"column":8},"end":{"line":7,"column":29}},"5":{"start":{"line":9,"column":4},"end":{"line":10,"column":6}},"6":{"start":{"line":11,"column":4},"end":{"line":18,"column":26}},"7":{"start":{"line":19,"column":4},"end":{"line":19,"column":29}},"8":{"start":{"line":21,"column":0},"end":{"line":21,"column":46}},"9":{"start":{"line":23,"column":13},"end":{"line":29,"column":1}}},"fnMap":{"0":{"name":"(anonymous_0)","decl":{"start":{"line":5,"column":25},"end":{"line":5,"column":26}},"loc":{"start":{"line":5,"column":37},"end":{"line":20,"column":1}},"line":5},"1":{"name":"CarouselComponent","decl":{"start":{"line":6,"column":13},"end":{"line":6,"column":30}},"loc":{"start":{"line":6,"column":33},"end":{"line":8,"column":5}},"line":6},"2":{"name":"(anonymous_2)","decl":{"start":{"line":9,"column":43},"end":{"line":9,"column":44}},"loc":{"start":{"line":9,"column":55},"end":{"line":10,"column":5}},"line":9}},"branchMap":{},"s":{"0":1,"1":1,"2":1,"3":1,"4":0,"5":1,"6":1,"7":1,"8":1,"9":1},"f":{"0":1,"1":0,"2":0},"b":{},"inputSourceMap":{"version":3,"file":"carousel.js","sourceRoot":"","sources":["carousel.ts"],"names":[],"mappings":";;;AAAA,sCAAkD;AAQlD;IAEE;QADO,WAAM,GAAG,MAAM,CAAC;IACP,CAAC;IAEjB,oCAAQ,GAAR;IACA,CAAC;IALU,iBAAiB;QAN7B,gBAAS,CAAC;YACT,QAAQ,EAAE,UAAU;YACpB,QAAQ,EAAE,OAAO,CAAC,iBAAiB,CAAC;YACpC,MAAM,EAAE,CAAC,OAAO,CAAC,gBAAgB,CAAC,CAAC;SACpC,CAAC;;OAEW,iBAAiB,CAO7B;IAAD,wBAAC;CAAA,AAPD,IAOC;AAPY,8CAAiB;AAQ9B,gCAAgC;AAChC,IAAI,MAAM,GAAY;IACrB,EAAE,OAAO,EAAE,gBAAgB,EAAE,KAAK,EAAE,wBAAwB,EAAE;IAC9D,EAAE,OAAO,EAAE,gBAAgB,EAAE,KAAK,EAAE,wBAAwB,EAAE;IAC9D,EAAE,OAAO,EAAE,WAAW,EAAE,KAAK,EAAE,wBAAwB,EAAE;IACzD,EAAE,OAAO,EAAE,iBAAiB,EAAE,KAAK,EAAE,wBAAwB,EAAE;IAC/D,EAAE,OAAO,EAAE,kBAAkB,EAAE,KAAK,EAAE,yBAAyB,EAAE;CACjE,CAAC"},"_coverageSchema":"332fd63041d2c1bcb487cc26dd0d5f7d97098a6c","hash":"dd7a881247258b9d619a8c17176ff34ff05f68c1","l":{"2":1,"3":1,"4":1,"5":1,"7":0,"9":1,"11":1,"19":1,"21":1,"23":1}},
"C:\\Users\\ADMIN\\Documents\\Visual Studio 2017\\Projects\\CardProWebsite\\CardProWebsite\\CardProWebsite\\src\\modules\\app\\register-card\\credit\\credit.ts":{"path":"C:\\Users\\ADMIN\\Documents\\Visual Studio 2017\\Projects\\CardProWebsite\\CardProWebsite\\CardProWebsite\\src\\modules\\app\\register-card\\credit\\credit.ts","statementMap":{"0":{"start":{"line":2,"column":0},"end":{"line":2,"column":62}},"1":{"start":{"line":3,"column":14},"end":{"line":3,"column":30}},"2":{"start":{"line":4,"column":13},"end":{"line":4,"column":37}},"3":{"start":{"line":5,"column":23},"end":{"line":34,"column":3}},"4":{"start":{"line":7,"column":8},"end":{"line":14,"column":10}},"5":{"start":{"line":15,"column":8},"end":{"line":19,"column":10}},"6":{"start":{"line":20,"column":8},"end":{"line":20,"column":43}},"7":{"start":{"line":21,"column":8},"end":{"line":21,"column":41}},"8":{"start":{"line":23,"column":4},"end":{"line":24,"column":6}},"9":{"start":{"line":25,"column":4},"end":{"line":32,"column":24}},"10":{"start":{"line":33,"column":4},"end":{"line":33,"column":27}},"11":{"start":{"line":35,"column":0},"end":{"line":35,"column":42}}},"fnMap":{"0":{"name":"(anonymous_0)","decl":{"start":{"line":5,"column":23},"end":{"line":5,"column":24}},"loc":{"start":{"line":5,"column":35},"end":{"line":34,"column":1}},"line":5},"1":{"name":"CreditComponent","decl":{"start":{"line":6,"column":13},"end":{"line":6,"column":28}},"loc":{"start":{"line":6,"column":31},"end":{"line":22,"column":5}},"line":6},"2":{"name":"(anonymous_2)","decl":{"start":{"line":23,"column":41},"end":{"line":23,"column":42}},"loc":{"start":{"line":23,"column":53},"end":{"line":24,"column":5}},"line":23}},"branchMap":{},"s":{"0":1,"1":1,"2":1,"3":1,"4":0,"5":0,"6":0,"7":0,"8":1,"9":1,"10":1,"11":1},"f":{"0":1,"1":0,"2":0},"b":{},"inputSourceMap":{"version":3,"file":"credit.js","sourceRoot":"","sources":["credit.ts"],"names":[],"mappings":";;;AAAA,sCAAkD;AAOlD;IAsBE;QApBA,cAAS,GAAG;YACP,EAAC,EAAE,EAAE,CAAC,EAAE,IAAI,EAAE,UAAU,EAAC;YACzB,EAAC,EAAE,EAAE,CAAC,EAAE,IAAI,EAAE,mBAAmB,EAAC;YAClC,EAAC,EAAE,EAAE,CAAC,EAAE,IAAI,EAAE,aAAa,EAAC;YAC5B,EAAC,EAAE,EAAE,CAAC,EAAE,IAAI,EAAE,YAAY,EAAC;YAC3B,EAAC,EAAE,EAAE,CAAC,EAAE,IAAI,EAAE,YAAY,EAAC;YAC3B,EAAC,EAAE,EAAE,CAAC,EAAE,IAAI,EAAE,QAAQ,EAAC;SACxB,CAAC;QAEL,aAAQ,GAAG;YACN,EAAC,EAAE,EAAE,CAAC,EAAE,KAAK,EAAE,WAAW,EAAC;YAC3B,EAAC,EAAE,EAAE,CAAC,EAAE,KAAK,EAAE,gBAAgB,EAAC;YAChC,EAAC,EAAE,EAAE,CAAC,EAAE,KAAK,EAAE,YAAY,EAAC;SAC7B,CAAC;QACH,2BAAsB,GAAG,IAAI,CAAC;QAE9B,yBAAoB,GAAG,IAAI,CAAC;IAIb,CAAC;IAElB,kCAAQ,GAAR;IACA,CAAC;IAzBU,eAAe;QAL3B,gBAAS,CAAC;YACP,QAAQ,EAAE,qBAAqB;YAC/B,QAAQ,EAAE,OAAO,CAAC,eAAe,CAAC;YAClC,MAAM,EAAE,CAAC,OAAO,CAAC,cAAc,CAAC,CAAC;SACpC,CAAC;;OACW,eAAe,CA2B3B;IAAD,sBAAC;CAAA,AA3BD,IA2BC;AA3BY,0CAAe"},"_coverageSchema":"332fd63041d2c1bcb487cc26dd0d5f7d97098a6c","hash":"c4e1d523a28c1f0e1c7ca963e55a0e4065660357","l":{"2":1,"3":1,"4":1,"5":1,"7":0,"15":0,"20":0,"21":0,"23":1,"25":1,"33":1,"35":1}},
"C:\\Users\\ADMIN\\Documents\\Visual Studio 2017\\Projects\\CardProWebsite\\CardProWebsite\\CardProWebsite\\src\\modules\\app\\register-card\\credit\\carousel-register-credit.ts":{"path":"C:\\Users\\ADMIN\\Documents\\Visual Studio 2017\\Projects\\CardProWebsite\\CardProWebsite\\CardProWebsite\\src\\modules\\app\\register-card\\credit\\carousel-register-credit.ts","statementMap":{"0":{"start":{"line":2,"column":0},"end":{"line":2,"column":62}},"1":{"start":{"line":3,"column":14},"end":{"line":3,"column":30}},"2":{"start":{"line":4,"column":13},"end":{"line":4,"column":37}},"3":{"start":{"line":5,"column":25},"end":{"line":18,"column":3}},"4":{"start":{"line":8,"column":4},"end":{"line":9,"column":6}},"5":{"start":{"line":10,"column":4},"end":{"line":16,"column":26}},"6":{"start":{"line":17,"column":4},"end":{"line":17,"column":29}},"7":{"start":{"line":19,"column":0},"end":{"line":19,"column":46}}},"fnMap":{"0":{"name":"(anonymous_0)","decl":{"start":{"line":5,"column":25},"end":{"line":5,"column":26}},"loc":{"start":{"line":5,"column":37},"end":{"line":18,"column":1}},"line":5},"1":{"name":"CRCreditComponent","decl":{"start":{"line":6,"column":13},"end":{"line":6,"column":30}},"loc":{"start":{"line":6,"column":33},"end":{"line":7,"column":5}},"line":6},"2":{"name":"(anonymous_2)","decl":{"start":{"line":8,"column":43},"end":{"line":8,"column":44}},"loc":{"start":{"line":8,"column":55},"end":{"line":9,"column":5}},"line":8}},"branchMap":{},"s":{"0":1,"1":1,"2":1,"3":1,"4":1,"5":1,"6":1,"7":1},"f":{"0":1,"1":0,"2":0},"b":{},"inputSourceMap":{"version":3,"file":"carousel-register-credit.js","sourceRoot":"","sources":["carousel-register-credit.ts"],"names":[],"mappings":";;;AAAA,sCAAkD;AAMlD;IAEI;IAAgB,CAAC;IAEjB,oCAAQ,GAAR;IACA,CAAC;IALQ,iBAAiB;QAJ7B,gBAAS,CAAC;YACP,QAAQ,EAAE,oBAAoB;YAC9B,QAAQ,EAAE,OAAO,CAAC,iCAAiC,CAAC;SACvD,CAAC;;OACW,iBAAiB,CAO7B;IAAD,wBAAC;CAAA,AAPD,IAOC;AAPY,8CAAiB"},"_coverageSchema":"332fd63041d2c1bcb487cc26dd0d5f7d97098a6c","hash":"7e5c19015f621046ae878891b55052a18c7cc2b6","l":{"2":1,"3":1,"4":1,"5":1,"8":1,"10":1,"17":1,"19":1}},
"C:\\Users\\ADMIN\\Documents\\Visual Studio 2017\\Projects\\CardProWebsite\\CardProWebsite\\CardProWebsite\\src\\modules\\app\\register-card\\debit\\debit.ts":{"path":"C:\\Users\\ADMIN\\Documents\\Visual Studio 2017\\Projects\\CardProWebsite\\CardProWebsite\\CardProWebsite\\src\\modules\\app\\register-card\\debit\\debit.ts","statementMap":{"0":{"start":{"line":2,"column":0},"end":{"line":2,"column":62}},"1":{"start":{"line":3,"column":14},"end":{"line":3,"column":30}},"2":{"start":{"line":4,"column":13},"end":{"line":4,"column":37}},"3":{"start":{"line":5,"column":22},"end":{"line":16,"column":3}},"4":{"start":{"line":8,"column":4},"end":{"line":14,"column":23}},"5":{"start":{"line":15,"column":4},"end":{"line":15,"column":26}},"6":{"start":{"line":17,"column":0},"end":{"line":17,"column":40}}},"fnMap":{"0":{"name":"(anonymous_0)","decl":{"start":{"line":5,"column":22},"end":{"line":5,"column":23}},"loc":{"start":{"line":5,"column":34},"end":{"line":16,"column":1}},"line":5},"1":{"name":"DebitComponent","decl":{"start":{"line":6,"column":13},"end":{"line":6,"column":27}},"loc":{"start":{"line":6,"column":30},"end":{"line":7,"column":5}},"line":6}},"branchMap":{},"s":{"0":1,"1":1,"2":1,"3":1,"4":1,"5":1,"6":1},"f":{"0":1,"1":0},"b":{},"inputSourceMap":{"version":3,"file":"debit.js","sourceRoot":"","sources":["debit.ts"],"names":[],"mappings":";;;AAAA,sCAA0C;AAQ1C;IAEI;IACA,CAAC;IAHQ,cAAc;QAN1B,gBAAS,CAAC;YACP,QAAQ,EAAE,OAAO;YACjB,QAAQ,EAAE,gCAET;SACJ,CAAC;;OACW,cAAc,CAI1B;IAAD,qBAAC;CAAA,AAJD,IAIC;AAJY,wCAAc"},"_coverageSchema":"332fd63041d2c1bcb487cc26dd0d5f7d97098a6c","hash":"e212435f3c223b3b3b6d0a73018b7027b33bf38a","l":{"2":1,"3":1,"4":1,"5":1,"8":1,"15":1,"17":1}},
"C:\\Users\\ADMIN\\Documents\\Visual Studio 2017\\Projects\\CardProWebsite\\CardProWebsite\\CardProWebsite\\src\\modules\\app\\_services\\card.service.ts":{"path":"C:\\Users\\ADMIN\\Documents\\Visual Studio 2017\\Projects\\CardProWebsite\\CardProWebsite\\CardProWebsite\\src\\modules\\app\\_services\\card.service.ts","statementMap":{"0":{"start":{"line":2,"column":0},"end":{"line":2,"column":62}},"1":{"start":{"line":3,"column":14},"end":{"line":3,"column":30}},"2":{"start":{"line":4,"column":13},"end":{"line":4,"column":37}},"3":{"start":{"line":5,"column":18},"end":{"line":5,"column":48}},"4":{"start":{"line":6,"column":19},"end":{"line":21,"column":3}},"5":{"start":{"line":9,"column":4},"end":{"line":11,"column":6}},"6":{"start":{"line":10,"column":8},"end":{"line":10,"column":51}},"7":{"start":{"line":12,"column":4},"end":{"line":15,"column":6}},"8":{"start":{"line":13,"column":8},"end":{"line":14,"column":103}},"9":{"start":{"line":14,"column":37},"end":{"line":14,"column":99}},"10":{"start":{"line":14,"column":73},"end":{"line":14,"column":95}},"11":{"start":{"line":16,"column":4},"end":{"line":19,"column":20}},"12":{"start":{"line":20,"column":4},"end":{"line":20,"column":23}},"13":{"start":{"line":22,"column":0},"end":{"line":22,"column":34}}},"fnMap":{"0":{"name":"(anonymous_0)","decl":{"start":{"line":6,"column":19},"end":{"line":6,"column":20}},"loc":{"start":{"line":6,"column":31},"end":{"line":21,"column":1}},"line":6},"1":{"name":"CardService","decl":{"start":{"line":7,"column":13},"end":{"line":7,"column":24}},"loc":{"start":{"line":7,"column":27},"end":{"line":8,"column":5}},"line":7},"2":{"name":"(anonymous_2)","decl":{"start":{"line":9,"column":37},"end":{"line":9,"column":38}},"loc":{"start":{"line":9,"column":49},"end":{"line":11,"column":5}},"line":9},"3":{"name":"(anonymous_3)","decl":{"start":{"line":12,"column":36},"end":{"line":12,"column":37}},"loc":{"start":{"line":12,"column":50},"end":{"line":15,"column":5}},"line":12},"4":{"name":"(anonymous_4)","decl":{"start":{"line":14,"column":18},"end":{"line":14,"column":19}},"loc":{"start":{"line":14,"column":35},"end":{"line":14,"column":101}},"line":14},"5":{"name":"(anonymous_5)","decl":{"start":{"line":14,"column":55},"end":{"line":14,"column":56}},"loc":{"start":{"line":14,"column":71},"end":{"line":14,"column":97}},"line":14}},"branchMap":{},"s":{"0":1,"1":1,"2":1,"3":1,"4":1,"5":1,"6":0,"7":1,"8":0,"9":0,"10":0,"11":1,"12":1,"13":1},"f":{"0":1,"1":0,"2":0,"3":0,"4":0,"5":0},"b":{},"inputSourceMap":{"version":3,"file":"card.service.js","sourceRoot":"","sources":["card.service.ts"],"names":[],"mappings":";;;AAAA,sCAA2C;AAE3C,iDAA6C;AAE7C;IAKE;IAAgB,CAAC;IAHjB,8BAAQ,GAAR;QACE,MAAM,CAAC,OAAO,CAAC,OAAO,CAAC,kBAAM,CAAC,CAAC;IACjC,CAAC;IAED,6BAAO,GAAP,UAAQ,EAAU;QAChB,MAAM,CAAC,IAAI,CAAC,QAAQ,EAAE;aACV,IAAI,CAAC,UAAA,KAAK,IAAI,OAAA,KAAK,CAAC,IAAI,CAAC,UAAA,IAAI,IAAI,OAAA,IAAI,CAAC,EAAE,KAAK,EAAE,EAAd,CAAc,CAAC,EAAlC,CAAkC,CAAC,CAAC;IAChE,CAAC;IATU,WAAW;QADvB,iBAAU,EAAE;;OACA,WAAW,CAUvB;IAAD,kBAAC;CAAA,AAVD,IAUC;AAVY,kCAAW"},"_coverageSchema":"332fd63041d2c1bcb487cc26dd0d5f7d97098a6c","hash":"4c761942096737ab954ce0793d233997a71fb899","l":{"2":1,"3":1,"4":1,"5":1,"6":1,"9":1,"10":0,"12":1,"13":0,"14":0,"16":1,"20":1,"22":1}},
"C:\\Users\\ADMIN\\Documents\\Visual Studio 2017\\Projects\\CardProWebsite\\CardProWebsite\\CardProWebsite\\src\\modules\\app\\_model\\mock-card.ts":{"path":"C:\\Users\\ADMIN\\Documents\\Visual Studio 2017\\Projects\\CardProWebsite\\CardProWebsite\\CardProWebsite\\src\\modules\\app\\_model\\mock-card.ts","statementMap":{"0":{"start":{"line":2,"column":0},"end":{"line":2,"column":62}},"1":{"start":{"line":3,"column":0},"end":{"line":15,"column":2}}},"fnMap":{},"branchMap":{},"s":{"0":1,"1":1},"f":{},"b":{},"inputSourceMap":{"version":3,"file":"mock-card.js","sourceRoot":"","sources":["mock-card.ts"],"names":[],"mappings":";;AAEa,QAAA,MAAM,GAAW;IAC5B,EAAE,EAAE,EAAE,CAAC,EAAE,IAAI,EAAE,eAAe,EAAE,KAAK,EAAC,QAAQ,EAAE,GAAG,EAAE,0BAA0B,EAAC,QAAQ,EAAC,4CAA4C,EAAE;IACvI,EAAE,EAAE,EAAE,CAAC,EAAE,IAAI,EAAE,kBAAkB,EAAE,KAAK,EAAE,QAAQ,EAAE,GAAG,EAAE,0BAA0B,EAAC,QAAQ,EAAC,yCAAyC,EAAE;IACxI,EAAE,EAAE,EAAE,CAAC,EAAE,IAAI,EAAE,gBAAgB,EAAE,KAAK,EAAE,QAAQ,EAAE,GAAG,EAAE,0BAA0B,EAAC,QAAQ,EAAC,8CAA8C,EAAC;IAC1I,EAAE,EAAE,EAAE,CAAC,EAAE,IAAI,EAAE,eAAe,EAAE,KAAK,EAAE,QAAQ,EAAE,GAAG,EAAE,0BAA0B,EAAC,QAAQ,EAAC,4CAA4C,EAAE;IACxI,EAAE,EAAE,EAAE,CAAC,EAAE,IAAI,EAAE,2BAA2B,EAAE,KAAK,EAAE,QAAQ,EAAE,GAAG,EAAE,0BAA0B,EAAC,QAAQ,EAAC,yCAAyC,EAAE;IACjJ,EAAE,EAAE,EAAE,CAAC,EAAE,IAAI,EAAE,gBAAgB,EAAE,KAAK,EAAE,QAAQ,EAAE,GAAG,EAAE,0BAA0B,EAAC,QAAQ,EAAC,8CAA8C,EAAC;IAC1I,EAAE,EAAE,EAAE,CAAC,EAAE,IAAI,EAAE,sBAAsB,EAAE,KAAK,EAAE,QAAQ,EAAE,GAAG,EAAE,0BAA0B,EAAC,QAAQ,EAAC,4CAA4C,EAAE;IAC/I,EAAE,EAAE,EAAE,CAAC,EAAE,IAAI,EAAE,cAAc,EAAE,KAAK,EAAE,QAAQ,EAAE,GAAG,EAAE,0BAA0B,EAAC,QAAQ,EAAC,yCAAyC,EAAE;IACpI,EAAE,EAAE,EAAE,CAAC,EAAE,IAAI,EAAE,gBAAgB,EAAE,KAAK,EAAE,QAAQ,EAAE,GAAG,EAAE,0BAA0B,EAAC,QAAQ,EAAC,qCAAqC,EAAC;IACjI,EAAE,EAAE,EAAE,EAAE,EAAE,IAAI,EAAE,mBAAmB,EAAE,KAAK,EAAE,SAAS,EAAE,GAAG,EAAE,0BAA0B,EAAC,QAAQ,EAAC,qCAAqC,EAAC;IACtI,EAAE,EAAE,EAAE,EAAE,EAAE,IAAI,EAAE,oBAAoB,EAAE,KAAK,EAAE,SAAS,EAAE,GAAG,EAAE,0BAA0B,EAAC,QAAQ,EAAC,qCAAqC,EAAC;CAExI,CAAC"},"_coverageSchema":"332fd63041d2c1bcb487cc26dd0d5f7d97098a6c","hash":"69f068fefc2d0db7b9e044caad95645d4886b861","l":{"2":1,"3":1}},
"C:\\Users\\ADMIN\\Documents\\Visual Studio 2017\\Projects\\CardProWebsite\\CardProWebsite\\CardProWebsite\\src\\modules\\app\\register-card\\credit\\category\\category1.component.ts":{"path":"C:\\Users\\ADMIN\\Documents\\Visual Studio 2017\\Projects\\CardProWebsite\\CardProWebsite\\CardProWebsite\\src\\modules\\app\\register-card\\credit\\category\\category1.component.ts","statementMap":{"0":{"start":{"line":2,"column":0},"end":{"line":2,"column":62}},"1":{"start":{"line":3,"column":14},"end":{"line":3,"column":30}},"2":{"start":{"line":4,"column":13},"end":{"line":4,"column":37}},"3":{"start":{"line":5,"column":21},"end":{"line":5,"column":63}},"4":{"start":{"line":6,"column":26},"end":{"line":30,"column":3}},"5":{"start":{"line":8,"column":8},"end":{"line":8,"column":39}},"6":{"start":{"line":9,"column":8},"end":{"line":9,"column":25}},"7":{"start":{"line":10,"column":8},"end":{"line":10,"column":28}},"8":{"start":{"line":12,"column":4},"end":{"line":14,"column":6}},"9":{"start":{"line":13,"column":8},"end":{"line":13,"column":25}},"10":{"start":{"line":15,"column":4},"end":{"line":21,"column":6}},"11":{"start":{"line":16,"column":20},"end":{"line":16,"column":24}},"12":{"start":{"line":17,"column":8},"end":{"line":20,"column":11}},"13":{"start":{"line":18,"column":12},"end":{"line":18,"column":46}},"14":{"start":{"line":19,"column":12},"end":{"line":19,"column":34}},"15":{"start":{"line":22,"column":4},"end":{"line":28,"column":27}},"16":{"start":{"line":29,"column":4},"end":{"line":29,"column":30}},"17":{"start":{"line":31,"column":0},"end":{"line":31,"column":48}}},"fnMap":{"0":{"name":"(anonymous_0)","decl":{"start":{"line":6,"column":26},"end":{"line":6,"column":27}},"loc":{"start":{"line":6,"column":38},"end":{"line":30,"column":1}},"line":6},"1":{"name":"Category1Component","decl":{"start":{"line":7,"column":13},"end":{"line":7,"column":31}},"loc":{"start":{"line":7,"column":45},"end":{"line":11,"column":5}},"line":7},"2":{"name":"(anonymous_2)","decl":{"start":{"line":12,"column":44},"end":{"line":12,"column":45}},"loc":{"start":{"line":12,"column":56},"end":{"line":14,"column":5}},"line":12},"3":{"name":"(anonymous_3)","decl":{"start":{"line":15,"column":45},"end":{"line":15,"column":46}},"loc":{"start":{"line":15,"column":57},"end":{"line":21,"column":5}},"line":15},"4":{"name":"(anonymous_4)","decl":{"start":{"line":17,"column":41},"end":{"line":17,"column":42}},"loc":{"start":{"line":17,"column":59},"end":{"line":20,"column":9}},"line":17}},"branchMap":{},"s":{"0":1,"1":1,"2":1,"3":1,"4":1,"5":0,"6":0,"7":0,"8":1,"9":0,"10":1,"11":0,"12":0,"13":0,"14":0,"15":1,"16":1,"17":1},"f":{"0":1,"1":0,"2":0,"3":0,"4":0},"b":{},"inputSourceMap":{"version":3,"file":"category1.component.js","sourceRoot":"","sources":["category1.component.ts"],"names":[],"mappings":";;;AAAA,sCAAkD;AAKlD,gEAA8D;AAK9D;IAGI,4BACY,WAAwB;QAAxB,gBAAW,GAAX,WAAW,CAAa;QAHpC,WAAM,GAAW,EAAE,CAAC;QAKhB,OAAO,CAAC,GAAG,CAAC,MAAM,CAAC,CAAC;IACxB,CAAC;IAED,qCAAQ,GAAR;QACI,IAAI,CAAC,SAAS,EAAE,CAAC;IACrB,CAAC;IACD,sCAAS,GAAT;QAAA,iBAMC;QALG,IAAI,CAAC,WAAW,CAAC,QAAQ,EAAE,CAAC,IAAI,CAAC,UAAA,MAAM;YACnC,KAAI,CAAC,MAAM,GAAG,MAAM,CAAC,KAAK,CAAC,CAAC,EAAE,CAAC,CAAC,CAAC;YACjC,OAAO,CAAC,GAAG,CAAC,QAAQ,CAAC,CAAC;QAC1B,CAAC,CAAC,CAAA;IAEN,CAAC;IAlBQ,kBAAkB;QAJ9B,gBAAS,CAAC;YACP,QAAQ,EAAE,eAAe;YACzB,QAAQ,EAAE,OAAO,CAAC,4BAA4B,CAAC;SAClD,CAAC;iDAK2B,0BAAW;OAJ3B,kBAAkB,CAwB9B;IAAD,yBAAC;CAAA,AAxBD,IAwBC;AAxBY,gDAAkB"},"_coverageSchema":"332fd63041d2c1bcb487cc26dd0d5f7d97098a6c","hash":"81c151283dd3ff3a1ea6c7936f1ef13ef0be17cf","l":{"2":1,"3":1,"4":1,"5":1,"6":1,"8":0,"9":0,"10":0,"12":1,"13":0,"15":1,"16":0,"17":0,"18":0,"19":0,"22":1,"29":1,"31":1}},
"C:\\Users\\ADMIN\\Documents\\Visual Studio 2017\\Projects\\CardProWebsite\\CardProWebsite\\CardProWebsite\\src\\modules\\app\\register-card\\credit\\category\\category2.component.ts":{"path":"C:\\Users\\ADMIN\\Documents\\Visual Studio 2017\\Projects\\CardProWebsite\\CardProWebsite\\CardProWebsite\\src\\modules\\app\\register-card\\credit\\category\\category2.component.ts","statementMap":{"0":{"start":{"line":2,"column":0},"end":{"line":2,"column":62}},"1":{"start":{"line":3,"column":14},"end":{"line":3,"column":30}},"2":{"start":{"line":4,"column":13},"end":{"line":4,"column":37}},"3":{"start":{"line":5,"column":21},"end":{"line":5,"column":63}},"4":{"start":{"line":6,"column":26},"end":{"line":26,"column":3}},"5":{"start":{"line":8,"column":8},"end":{"line":8,"column":39}},"6":{"start":{"line":9,"column":8},"end":{"line":9,"column":25}},"7":{"start":{"line":11,"column":4},"end":{"line":14,"column":6}},"8":{"start":{"line":12,"column":20},"end":{"line":12,"column":24}},"9":{"start":{"line":13,"column":8},"end":{"line":13,"column":106}},"10":{"start":{"line":13,"column":61},"end":{"line":13,"column":102}},"11":{"start":{"line":15,"column":4},"end":{"line":17,"column":6}},"12":{"start":{"line":16,"column":8},"end":{"line":16,"column":25}},"13":{"start":{"line":18,"column":4},"end":{"line":24,"column":27}},"14":{"start":{"line":25,"column":4},"end":{"line":25,"column":30}},"15":{"start":{"line":27,"column":0},"end":{"line":27,"column":48}}},"fnMap":{"0":{"name":"(anonymous_0)","decl":{"start":{"line":6,"column":26},"end":{"line":6,"column":27}},"loc":{"start":{"line":6,"column":38},"end":{"line":26,"column":1}},"line":6},"1":{"name":"Category2Component","decl":{"start":{"line":7,"column":13},"end":{"line":7,"column":31}},"loc":{"start":{"line":7,"column":45},"end":{"line":10,"column":5}},"line":7},"2":{"name":"(anonymous_2)","decl":{"start":{"line":11,"column":45},"end":{"line":11,"column":46}},"loc":{"start":{"line":11,"column":57},"end":{"line":14,"column":5}},"line":11},"3":{"name":"(anonymous_3)","decl":{"start":{"line":13,"column":41},"end":{"line":13,"column":42}},"loc":{"start":{"line":13,"column":59},"end":{"line":13,"column":104}},"line":13},"4":{"name":"(anonymous_4)","decl":{"start":{"line":15,"column":44},"end":{"line":15,"column":45}},"loc":{"start":{"line":15,"column":56},"end":{"line":17,"column":5}},"line":15}},"branchMap":{},"s":{"0":1,"1":1,"2":1,"3":1,"4":1,"5":0,"6":0,"7":1,"8":0,"9":0,"10":0,"11":1,"12":0,"13":1,"14":1,"15":1},"f":{"0":1,"1":0,"2":0,"3":0,"4":0},"b":{},"inputSourceMap":{"version":3,"file":"category2.component.js","sourceRoot":"","sources":["category2.component.ts"],"names":[],"mappings":";;;AAAA,sCAAkD;AAKlD,gEAA8D;AAK9D;IAGE,4BAEU,WAAwB;QAAxB,gBAAW,GAAX,WAAW,CAAa;QAJlC,WAAM,GAAW,EAAE,CAAC;IAKhB,CAAC;IAEL,sCAAS,GAAT;QAAA,iBAEC;QADC,IAAI,CAAC,WAAW,CAAC,QAAQ,EAAE,CAAC,IAAI,CAAC,UAAA,MAAM,IAAI,OAAA,KAAI,CAAC,MAAM,GAAG,MAAM,CAAC,KAAK,CAAC,CAAC,EAAE,CAAC,CAAC,EAAhC,CAAgC,CAAC,CAAA;IAC9E,CAAC;IAGD,qCAAQ,GAAR;QACE,IAAI,CAAC,SAAS,EAAE,CAAC;IACnB,CAAC;IAfU,kBAAkB;QAJ9B,gBAAS,CAAC;YACT,QAAQ,EAAE,eAAe;YACzB,QAAQ,EAAE,OAAO,CAAC,4BAA4B,CAAC;SAChD,CAAC;iDAMuB,0BAAW;OALvB,kBAAkB,CAqB9B;IAAD,yBAAC;CAAA,AArBD,IAqBC;AArBY,gDAAkB"},"_coverageSchema":"332fd63041d2c1bcb487cc26dd0d5f7d97098a6c","hash":"43b7401f018deb5e59d71bd36e16f2bf593cc56d","l":{"2":1,"3":1,"4":1,"5":1,"6":1,"8":0,"9":0,"11":1,"12":0,"13":0,"15":1,"16":0,"18":1,"25":1,"27":1}},
"C:\\Users\\ADMIN\\Documents\\Visual Studio 2017\\Projects\\CardProWebsite\\CardProWebsite\\CardProWebsite\\src\\modules\\app\\register-card\\credit\\category\\category3.component.ts":{"path":"C:\\Users\\ADMIN\\Documents\\Visual Studio 2017\\Projects\\CardProWebsite\\CardProWebsite\\CardProWebsite\\src\\modules\\app\\register-card\\credit\\category\\category3.component.ts","statementMap":{"0":{"start":{"line":2,"column":0},"end":{"line":2,"column":62}},"1":{"start":{"line":3,"column":14},"end":{"line":3,"column":30}},"2":{"start":{"line":4,"column":13},"end":{"line":4,"column":37}},"3":{"start":{"line":5,"column":21},"end":{"line":5,"column":63}},"4":{"start":{"line":6,"column":26},"end":{"line":26,"column":3}},"5":{"start":{"line":8,"column":8},"end":{"line":8,"column":39}},"6":{"start":{"line":9,"column":8},"end":{"line":9,"column":25}},"7":{"start":{"line":11,"column":4},"end":{"line":14,"column":6}},"8":{"start":{"line":12,"column":20},"end":{"line":12,"column":24}},"9":{"start":{"line":13,"column":8},"end":{"line":13,"column":107}},"10":{"start":{"line":13,"column":61},"end":{"line":13,"column":103}},"11":{"start":{"line":15,"column":4},"end":{"line":17,"column":6}},"12":{"start":{"line":16,"column":8},"end":{"line":16,"column":25}},"13":{"start":{"line":18,"column":4},"end":{"line":24,"column":27}},"14":{"start":{"line":25,"column":4},"end":{"line":25,"column":30}},"15":{"start":{"line":27,"column":0},"end":{"line":27,"column":48}}},"fnMap":{"0":{"name":"(anonymous_0)","decl":{"start":{"line":6,"column":26},"end":{"line":6,"column":27}},"loc":{"start":{"line":6,"column":38},"end":{"line":26,"column":1}},"line":6},"1":{"name":"Category3Component","decl":{"start":{"line":7,"column":13},"end":{"line":7,"column":31}},"loc":{"start":{"line":7,"column":45},"end":{"line":10,"column":5}},"line":7},"2":{"name":"(anonymous_2)","decl":{"start":{"line":11,"column":45},"end":{"line":11,"column":46}},"loc":{"start":{"line":11,"column":57},"end":{"line":14,"column":5}},"line":11},"3":{"name":"(anonymous_3)","decl":{"start":{"line":13,"column":41},"end":{"line":13,"column":42}},"loc":{"start":{"line":13,"column":59},"end":{"line":13,"column":105}},"line":13},"4":{"name":"(anonymous_4)","decl":{"start":{"line":15,"column":44},"end":{"line":15,"column":45}},"loc":{"start":{"line":15,"column":56},"end":{"line":17,"column":5}},"line":15}},"branchMap":{},"s":{"0":1,"1":1,"2":1,"3":1,"4":1,"5":0,"6":0,"7":1,"8":0,"9":0,"10":0,"11":1,"12":0,"13":1,"14":1,"15":1},"f":{"0":1,"1":0,"2":0,"3":0,"4":0},"b":{},"inputSourceMap":{"version":3,"file":"category3.component.js","sourceRoot":"","sources":["category3.component.ts"],"names":[],"mappings":";;;AAAA,sCAAkD;AAKlD,gEAA8D;AAK9D;IAGE,4BAEU,WAAwB;QAAxB,gBAAW,GAAX,WAAW,CAAa;QAJlC,WAAM,GAAW,EAAE,CAAC;IAKhB,CAAC;IAEL,sCAAS,GAAT;QAAA,iBAEC;QADC,IAAI,CAAC,WAAW,CAAC,QAAQ,EAAE,CAAC,IAAI,CAAC,UAAA,MAAM,IAAI,OAAA,KAAI,CAAC,MAAM,GAAG,MAAM,CAAC,KAAK,CAAC,CAAC,EAAE,EAAE,CAAC,EAAjC,CAAiC,CAAC,CAAA;IAC/E,CAAC;IAGD,qCAAQ,GAAR;QACE,IAAI,CAAC,SAAS,EAAE,CAAC;IACnB,CAAC;IAfU,kBAAkB;QAJ9B,gBAAS,CAAC;YACT,QAAQ,EAAE,eAAe;YACzB,QAAQ,EAAE,OAAO,CAAC,4BAA4B,CAAC;SAChD,CAAC;iDAMuB,0BAAW;OALvB,kBAAkB,CAqB9B;IAAD,yBAAC;CAAA,AArBD,IAqBC;AArBY,gDAAkB"},"_coverageSchema":"332fd63041d2c1bcb487cc26dd0d5f7d97098a6c","hash":"b7314815d370cb5b8b5c68e61a6acece8417f4e6","l":{"2":1,"3":1,"4":1,"5":1,"6":1,"8":0,"9":0,"11":1,"12":0,"13":0,"15":1,"16":0,"18":1,"25":1,"27":1}},
"C:\\Users\\ADMIN\\Documents\\Visual Studio 2017\\Projects\\CardProWebsite\\CardProWebsite\\CardProWebsite\\src\\modules\\app\\register-card\\credit\\category\\category4.component.ts":{"path":"C:\\Users\\ADMIN\\Documents\\Visual Studio 2017\\Projects\\CardProWebsite\\CardProWebsite\\CardProWebsite\\src\\modules\\app\\register-card\\credit\\category\\category4.component.ts","statementMap":{"0":{"start":{"line":2,"column":0},"end":{"line":2,"column":62}},"1":{"start":{"line":3,"column":14},"end":{"line":3,"column":30}},"2":{"start":{"line":4,"column":13},"end":{"line":4,"column":37}},"3":{"start":{"line":5,"column":21},"end":{"line":5,"column":63}},"4":{"start":{"line":6,"column":26},"end":{"line":26,"column":3}},"5":{"start":{"line":8,"column":8},"end":{"line":8,"column":39}},"6":{"start":{"line":9,"column":8},"end":{"line":9,"column":25}},"7":{"start":{"line":11,"column":4},"end":{"line":14,"column":6}},"8":{"start":{"line":12,"column":20},"end":{"line":12,"column":24}},"9":{"start":{"line":13,"column":8},"end":{"line":13,"column":108}},"10":{"start":{"line":13,"column":61},"end":{"line":13,"column":104}},"11":{"start":{"line":15,"column":4},"end":{"line":17,"column":6}},"12":{"start":{"line":16,"column":8},"end":{"line":16,"column":25}},"13":{"start":{"line":18,"column":4},"end":{"line":24,"column":27}},"14":{"start":{"line":25,"column":4},"end":{"line":25,"column":30}},"15":{"start":{"line":27,"column":0},"end":{"line":27,"column":48}}},"fnMap":{"0":{"name":"(anonymous_0)","decl":{"start":{"line":6,"column":26},"end":{"line":6,"column":27}},"loc":{"start":{"line":6,"column":38},"end":{"line":26,"column":1}},"line":6},"1":{"name":"Category4Component","decl":{"start":{"line":7,"column":13},"end":{"line":7,"column":31}},"loc":{"start":{"line":7,"column":45},"end":{"line":10,"column":5}},"line":7},"2":{"name":"(anonymous_2)","decl":{"start":{"line":11,"column":45},"end":{"line":11,"column":46}},"loc":{"start":{"line":11,"column":57},"end":{"line":14,"column":5}},"line":11},"3":{"name":"(anonymous_3)","decl":{"start":{"line":13,"column":41},"end":{"line":13,"column":42}},"loc":{"start":{"line":13,"column":59},"end":{"line":13,"column":106}},"line":13},"4":{"name":"(anonymous_4)","decl":{"start":{"line":15,"column":44},"end":{"line":15,"column":45}},"loc":{"start":{"line":15,"column":56},"end":{"line":17,"column":5}},"line":15}},"branchMap":{},"s":{"0":1,"1":1,"2":1,"3":1,"4":1,"5":0,"6":0,"7":1,"8":0,"9":0,"10":0,"11":1,"12":0,"13":1,"14":1,"15":1},"f":{"0":1,"1":0,"2":0,"3":0,"4":0},"b":{},"inputSourceMap":{"version":3,"file":"category4.component.js","sourceRoot":"","sources":["category4.component.ts"],"names":[],"mappings":";;;AAAA,sCAAkD;AAKlD,gEAA8D;AAK9D;IAGE,4BAEU,WAAwB;QAAxB,gBAAW,GAAX,WAAW,CAAa;QAJlC,WAAM,GAAW,EAAE,CAAC;IAKhB,CAAC;IAEL,sCAAS,GAAT;QAAA,iBAEC;QADC,IAAI,CAAC,WAAW,CAAC,QAAQ,EAAE,CAAC,IAAI,CAAC,UAAA,MAAM,IAAI,OAAA,KAAI,CAAC,MAAM,GAAG,MAAM,CAAC,KAAK,CAAC,EAAE,EAAE,EAAE,CAAC,EAAlC,CAAkC,CAAC,CAAA;IAChF,CAAC;IAGD,qCAAQ,GAAR;QACE,IAAI,CAAC,SAAS,EAAE,CAAC;IACnB,CAAC;IAfU,kBAAkB;QAJ9B,gBAAS,CAAC;YACT,QAAQ,EAAE,eAAe;YACzB,QAAQ,EAAE,OAAO,CAAC,4BAA4B,CAAC;SAChD,CAAC;iDAMuB,0BAAW;OALvB,kBAAkB,CAqB9B;IAAD,yBAAC;CAAA,AArBD,IAqBC;AArBY,gDAAkB"},"_coverageSchema":"332fd63041d2c1bcb487cc26dd0d5f7d97098a6c","hash":"2d63757104aa284395dc9480f7e91fed7758cc29","l":{"2":1,"3":1,"4":1,"5":1,"6":1,"8":0,"9":0,"11":1,"12":0,"13":0,"15":1,"16":0,"18":1,"25":1,"27":1}},
"C:\\Users\\ADMIN\\Documents\\Visual Studio 2017\\Projects\\CardProWebsite\\CardProWebsite\\CardProWebsite\\src\\modules\\app\\register-card\\credit\\category\\Creditdetail.component.ts":{"path":"C:\\Users\\ADMIN\\Documents\\Visual Studio 2017\\Projects\\CardProWebsite\\CardProWebsite\\CardProWebsite\\src\\modules\\app\\register-card\\credit\\category\\Creditdetail.component.ts","statementMap":{"0":{"start":{"line":2,"column":0},"end":{"line":2,"column":62}},"1":{"start":{"line":3,"column":14},"end":{"line":3,"column":30}},"2":{"start":{"line":4,"column":13},"end":{"line":4,"column":37}},"3":{"start":{"line":5,"column":0},"end":{"line":5,"column":39}},"4":{"start":{"line":6,"column":15},"end":{"line":6,"column":41}},"5":{"start":{"line":7,"column":15},"end":{"line":7,"column":41}},"6":{"start":{"line":8,"column":21},"end":{"line":8,"column":63}},"7":{"start":{"line":9,"column":29},"end":{"line":47,"column":3}},"8":{"start":{"line":11,"column":8},"end":{"line":11,"column":39}},"9":{"start":{"line":12,"column":8},"end":{"line":12,"column":27}},"10":{"start":{"line":13,"column":8},"end":{"line":13,"column":33}},"11":{"start":{"line":15,"column":4},"end":{"line":23,"column":6}},"12":{"start":{"line":16,"column":20},"end":{"line":16,"column":24}},"13":{"start":{"line":17,"column":8},"end":{"line":21,"column":11}},"14":{"start":{"line":18,"column":43},"end":{"line":18,"column":95}},"15":{"start":{"line":20,"column":12},"end":{"line":20,"column":30}},"16":{"start":{"line":22,"column":8},"end":{"line":22,"column":25}},"17":{"start":{"line":24,"column":4},"end":{"line":30,"column":6}},"18":{"start":{"line":25,"column":20},"end":{"line":25,"column":24}},"19":{"start":{"line":26,"column":8},"end":{"line":29,"column":11}},"20":{"start":{"line":27,"column":12},"end":{"line":27,"column":34}},"21":{"start":{"line":28,"column":12},"end":{"line":28,"column":38}},"22":{"start":{"line":31,"column":4},"end":{"line":33,"column":6}},"23":{"start":{"line":32,"column":8},"end":{"line":32,"column":29}},"24":{"start":{"line":34,"column":4},"end":{"line":36,"column":6}},"25":{"start":{"line":35,"column":8},"end":{"line":35,"column":33}},"26":{"start":{"line":37,"column":4},"end":{"line":45,"column":30}},"27":{"start":{"line":46,"column":4},"end":{"line":46,"column":33}},"28":{"start":{"line":48,"column":0},"end":{"line":48,"column":54}}},"fnMap":{"0":{"name":"(anonymous_0)","decl":{"start":{"line":9,"column":29},"end":{"line":9,"column":30}},"loc":{"start":{"line":9,"column":41},"end":{"line":47,"column":1}},"line":9},"1":{"name":"CreditdetailComponent","decl":{"start":{"line":10,"column":13},"end":{"line":10,"column":34}},"loc":{"start":{"line":10,"column":65},"end":{"line":14,"column":5}},"line":10},"2":{"name":"(anonymous_2)","decl":{"start":{"line":15,"column":47},"end":{"line":15,"column":48}},"loc":{"start":{"line":15,"column":59},"end":{"line":23,"column":5}},"line":15},"3":{"name":"(anonymous_3)","decl":{"start":{"line":18,"column":23},"end":{"line":18,"column":24}},"loc":{"start":{"line":18,"column":41},"end":{"line":18,"column":97}},"line":18},"4":{"name":"(anonymous_4)","decl":{"start":{"line":19,"column":23},"end":{"line":19,"column":24}},"loc":{"start":{"line":19,"column":39},"end":{"line":21,"column":9}},"line":19},"5":{"name":"(anonymous_5)","decl":{"start":{"line":24,"column":48},"end":{"line":24,"column":49}},"loc":{"start":{"line":24,"column":60},"end":{"line":30,"column":5}},"line":24},"6":{"name":"(anonymous_6)","decl":{"start":{"line":26,"column":41},"end":{"line":26,"column":42}},"loc":{"start":{"line":26,"column":59},"end":{"line":29,"column":9}},"line":26},"7":{"name":"(anonymous_7)","decl":{"start":{"line":31,"column":45},"end":{"line":31,"column":46}},"loc":{"start":{"line":31,"column":57},"end":{"line":33,"column":5}},"line":31},"8":{"name":"(anonymous_8)","decl":{"start":{"line":34,"column":47},"end":{"line":34,"column":48}},"loc":{"start":{"line":34,"column":63},"end":{"line":36,"column":5}},"line":34}},"branchMap":{},"s":{"0":1,"1":1,"2":1,"3":1,"4":1,"5":1,"6":1,"7":1,"8":0,"9":0,"10":0,"11":1,"12":0,"13":0,"14":0,"15":0,"16":0,"17":1,"18":0,"19":0,"20":0,"21":0,"22":1,"23":0,"24":1,"25":0,"26":1,"27":1,"28":1},"f":{"0":1,"1":0,"2":0,"3":0,"4":0,"5":0,"6":0,"7":0,"8":0},"b":{},"inputSourceMap":{"version":3,"file":"Creditdetail.component.js","sourceRoot":"","sources":["Creditdetail.component.ts"],"names":[],"mappings":";;;AAAA,sCAAkD;AAClD,uCAAqC;AACrC,0CAA2D;AAC3D,0CAA6C;AAG7C,gEAA8D;AAO9D;IAKE,+BACU,WAAwB,EACxB,KAAqB,EACrB,QAAkB;QAFlB,gBAAW,GAAX,WAAW,CAAa;QACxB,UAAK,GAAL,KAAK,CAAgB;QACrB,aAAQ,GAAR,QAAQ,CAAU;IACxB,CAAC;IAEL,wCAAQ,GAAR;QAAA,iBAOC;QANC,IAAI,CAAC,KAAK,CAAC,QAAQ;aAChB,SAAS,CAAC,UAAC,MAAgB,IAAK,OAAA,KAAI,CAAC,WAAW,CAAC,OAAO,CAAC,CAAC,MAAM,CAAC,GAAG,CAAC,IAAI,CAAC,CAAC,EAA3C,CAA2C,CAAC;aAC5E,SAAS,CAAC,UAAA,IAAI;YACb,KAAI,CAAC,IAAI,GAAG,IAAI,CAAC;QACnB,CAAC,CAAC,CAAC;QACL,IAAI,CAAC,SAAS,EAAE,CAAC;IACnB,CAAC;IACD,yCAAS,GAAT;QAAA,iBAKD;QAJC,IAAI,CAAC,WAAW,CAAC,QAAQ,EAAE,CAAC,IAAI,CAAC,UAAA,MAAM;YACpC,KAAI,CAAC,MAAM,GAAG,MAAM,CAAC;YACtB,OAAO,CAAC,GAAG,CAAC,KAAI,CAAC,MAAM,CAAC,CAAC;QACzB,CAAC,CAAC,CAAC;IACP,CAAC;IAGC,sCAAM,GAAN;QACA,IAAI,CAAC,QAAQ,CAAC,IAAI,EAAE,CAAC;IACrB,CAAC;IAED,wCAAQ,GAAR,UAAS,IAAU;QACjB,IAAI,CAAC,YAAY,GAAG,IAAI,CAAC;IAC3B,CAAC;IAjCU,qBAAqB;QALjC,gBAAS,CAAC;YACT,QAAQ,EAAE,kBAAkB;YAC5B,QAAQ,EAAE,OAAO,CAAC,+BAA+B,CAAC;SAEnD,CAAC;iDAOuB,0BAAW;YACjB,uBAAc;YACX,iBAAQ;OARjB,qBAAqB,CAoCjC;IAAD,4BAAC;CAAA,AApCD,IAoCC;AApCY,sDAAqB"},"_coverageSchema":"332fd63041d2c1bcb487cc26dd0d5f7d97098a6c","hash":"f311aa2e78b5d95a15ab79c248776fecc41901ec","l":{"2":1,"3":1,"4":1,"5":1,"6":1,"7":1,"8":1,"9":1,"11":0,"12":0,"13":0,"15":1,"16":0,"17":0,"18":0,"20":0,"22":0,"24":1,"25":0,"26":0,"27":0,"28":0,"31":1,"32":0,"34":1,"35":0,"37":1,"46":1,"48":1}},
"C:\\Users\\ADMIN\\Documents\\Visual Studio 2017\\Projects\\CardProWebsite\\CardProWebsite\\CardProWebsite\\src\\shared\\footer.ts":{"path":"C:\\Users\\ADMIN\\Documents\\Visual Studio 2017\\Projects\\CardProWebsite\\CardProWebsite\\CardProWebsite\\src\\shared\\footer.ts","statementMap":{"0":{"start":{"line":2,"column":0},"end":{"line":2,"column":62}},"1":{"start":{"line":3,"column":14},"end":{"line":3,"column":30}},"2":{"start":{"line":4,"column":13},"end":{"line":4,"column":37}},"3":{"start":{"line":5,"column":23},"end":{"line":15,"column":3}},"4":{"start":{"line":8,"column":4},"end":{"line":13,"column":24}},"5":{"start":{"line":14,"column":4},"end":{"line":14,"column":27}},"6":{"start":{"line":16,"column":0},"end":{"line":16,"column":42}}},"fnMap":{"0":{"name":"(anonymous_0)","decl":{"start":{"line":5,"column":23},"end":{"line":5,"column":24}},"loc":{"start":{"line":5,"column":35},"end":{"line":15,"column":1}},"line":5},"1":{"name":"FooterComponent","decl":{"start":{"line":6,"column":13},"end":{"line":6,"column":28}},"loc":{"start":{"line":6,"column":31},"end":{"line":7,"column":5}},"line":6}},"branchMap":{},"s":{"0":1,"1":1,"2":1,"3":1,"4":1,"5":1,"6":1},"f":{"0":1,"1":1},"b":{},"inputSourceMap":{"version":3,"file":"footer.js","sourceRoot":"","sources":["footer.ts"],"names":[],"mappings":";;;AAAA,sCAA0C;AA0I1C;IAAA;IAA8B,CAAC;IAAlB,eAAe;QAxI3B,gBAAS,CAAC;YACP,QAAQ,EAAE,YAAY;YACtB,QAAQ,EAAE,6wNAoIT;SACJ,CAAC;OACW,eAAe,CAAG;IAAD,sBAAC;CAAA,AAA/B,IAA+B;AAAlB,0CAAe"},"_coverageSchema":"332fd63041d2c1bcb487cc26dd0d5f7d97098a6c","hash":"2a69ef4ce60eeb59cb3f1dff32fd7cc88ed4fda2","l":{"2":1,"3":1,"4":1,"5":1,"8":1,"14":1,"16":1}},
"C:\\Users\\ADMIN\\Documents\\Visual Studio 2017\\Projects\\CardProWebsite\\CardProWebsite\\CardProWebsite\\src\\app.component.ts":{"path":"C:\\Users\\ADMIN\\Documents\\Visual Studio 2017\\Projects\\CardProWebsite\\CardProWebsite\\CardProWebsite\\src\\app.component.ts","statementMap":{"0":{"start":{"line":2,"column":0},"end":{"line":2,"column":62}},"1":{"start":{"line":3,"column":14},"end":{"line":3,"column":30}},"2":{"start":{"line":4,"column":13},"end":{"line":4,"column":37}},"3":{"start":{"line":5,"column":20},"end":{"line":18,"column":3}},"4":{"start":{"line":7,"column":8},"end":{"line":7,"column":56}},"5":{"start":{"line":8,"column":8},"end":{"line":8,"column":70}},"6":{"start":{"line":10,"column":4},"end":{"line":16,"column":21}},"7":{"start":{"line":17,"column":4},"end":{"line":17,"column":24}},"8":{"start":{"line":19,"column":0},"end":{"line":19,"column":36}}},"fnMap":{"0":{"name":"(anonymous_0)","decl":{"start":{"line":5,"column":20},"end":{"line":5,"column":21}},"loc":{"start":{"line":5,"column":32},"end":{"line":18,"column":1}},"line":5},"1":{"name":"AppComponent","decl":{"start":{"line":6,"column":13},"end":{"line":6,"column":25}},"loc":{"start":{"line":6,"column":28},"end":{"line":9,"column":5}},"line":6}},"branchMap":{},"s":{"0":1,"1":1,"2":1,"3":1,"4":1,"5":1,"6":1,"7":1,"8":1},"f":{"0":1,"1":1},"b":{},"inputSourceMap":{"version":3,"file":"app.component.js","sourceRoot":"","sources":["app.component.ts"],"names":[],"mappings":";;;AAAA,sCAA0C;AAY1C;IAII;QACI,IAAI,CAAC,OAAO,GAAG,OAAO,CAAC,uBAAuB,CAAC,CAAC;QAChD,IAAI,CAAC,GAAG,GAAG,kDAAkD,CAAC;IAClE,CAAC;IAPQ,YAAY;QAVxB,gBAAS,CAAC;YACP,QAAQ,EAAE,UAAU;YACpB,QAAQ,EAAE,iKAMT;SACJ,CAAC;;OACW,YAAY,CAQxB;IAAD,mBAAC;CAAA,AARD,IAQC;AARY,oCAAY"},"_coverageSchema":"332fd63041d2c1bcb487cc26dd0d5f7d97098a6c","hash":"a980c28e2060fe7a48a5cdd468911ee3752242b1","l":{"2":1,"3":1,"4":1,"5":1,"7":1,"8":1,"10":1,"17":1,"19":1}}}
